  BattleScene.cpp
C:\Users\dudck\OneDrive\바탕 화면\4K_ShootingGame\BattleCity\210317_WinAPI\CommonFunction.h(13,15): warning C4244: '=': 'double'에서 'float'(으)로 변환하면서 데이터가 손실될 수 있습니다.
C:\Users\dudck\OneDrive\바탕 화면\4K_ShootingGame\BattleCity\210317_WinAPI\BattleScene.cpp(106,8): warning C4101: 'distance' :참조되지 않은 지역 변수입니다.
C:\Users\dudck\OneDrive\바탕 화면\4K_ShootingGame\BattleCity\210317_WinAPI\BattleScene.cpp(110,10): warning C4101: 'r2' :참조되지 않은 지역 변수입니다.
C:\Users\dudck\OneDrive\바탕 화면\4K_ShootingGame\BattleCity\210317_WinAPI\BattleScene.cpp(107,9): warning C4101: 'enemyPos' :참조되지 않은 지역 변수입니다.
C:\Users\dudck\OneDrive\바탕 화면\4K_ShootingGame\BattleCity\210317_WinAPI\BattleScene.cpp(109,11): warning C4101: 'y' :참조되지 않은 지역 변수입니다.
C:\Users\dudck\OneDrive\바탕 화면\4K_ShootingGame\BattleCity\210317_WinAPI\BattleScene.cpp(110,6): warning C4101: 'r1' :참조되지 않은 지역 변수입니다.
C:\Users\dudck\OneDrive\바탕 화면\4K_ShootingGame\BattleCity\210317_WinAPI\BattleScene.cpp(109,8): warning C4101: 'x' :참조되지 않은 지역 변수입니다.
C:\Users\dudck\OneDrive\바탕 화면\4K_ShootingGame\BattleCity\210317_WinAPI\BattleScene.cpp(108,9): warning C4101: 'missilePos' :참조되지 않은 지역 변수입니다.
  Button.cpp
  Enemy.cpp
C:\Users\dudck\OneDrive\바탕 화면\4K_ShootingGame\BattleCity\210317_WinAPI\CommonFunction.h(13,15): warning C4244: '=': 'double'에서 'float'(으)로 변환하면서 데이터가 손실될 수 있습니다.
C:\Users\dudck\OneDrive\바탕 화면\4K_ShootingGame\BattleCity\210317_WinAPI\Enemy.cpp(20,14): warning C4244: '=': 'int'에서 'float'(으)로 변환하면서 데이터가 손실될 수 있습니다.
C:\Users\dudck\OneDrive\바탕 화면\4K_ShootingGame\BattleCity\210317_WinAPI\Enemy.cpp(21,13): warning C4244: '=': 'int'에서 'float'(으)로 변환하면서 데이터가 손실될 수 있습니다.
C:\Users\dudck\OneDrive\바탕 화면\4K_ShootingGame\BattleCity\210317_WinAPI\Enemy.cpp(85,46): warning C4244: '인수': 'float'에서 'int'(으)로 변환하면서 데이터가 손실될 수 있습니다.
C:\Users\dudck\OneDrive\바탕 화면\4K_ShootingGame\BattleCity\210317_WinAPI\Enemy.cpp(85,39): warning C4244: '인수': 'float'에서 'int'(으)로 변환하면서 데이터가 손실될 수 있습니다.
C:\Users\dudck\OneDrive\바탕 화면\4K_ShootingGame\BattleCity\210317_WinAPI\Enemy.cpp(89,47): warning C4244: '인수': 'float'에서 'int'(으)로 변환하면서 데이터가 손실될 수 있습니다.
C:\Users\dudck\OneDrive\바탕 화면\4K_ShootingGame\BattleCity\210317_WinAPI\Enemy.cpp(89,40): warning C4244: '인수': 'float'에서 'int'(으)로 변환하면서 데이터가 손실될 수 있습니다.
C:\Users\dudck\OneDrive\바탕 화면\4K_ShootingGame\BattleCity\210317_WinAPI\Enemy.cpp(109,22): warning C4244: '=': 'double'에서 'float'(으)로 변환하면서 데이터가 손실될 수 있습니다.
  EnemyManager.cpp
  GameNode.cpp
  Image.cpp
  ImageManager.cpp
  Iori.cpp
C:\Users\dudck\OneDrive\바탕 화면\4K_ShootingGame\BattleCity\210317_WinAPI\Iori.cpp(52,35): warning C4244: '인수': 'float'에서 'int'(으)로 변환하면서 데이터가 손실될 수 있습니다.
C:\Users\dudck\OneDrive\바탕 화면\4K_ShootingGame\BattleCity\210317_WinAPI\Iori.cpp(52,28): warning C4244: '인수': 'float'에서 'int'(으)로 변환하면서 데이터가 손실될 수 있습니다.
  KeyManager.cpp
  main.cpp
C:\Users\dudck\OneDrive\바탕 화면\4K_ShootingGame\BattleCity\210317_WinAPI\CommonFunction.h(13,15): warning C4244: '=': 'double'에서 'float'(으)로 변환하면서 데이터가 손실될 수 있습니다.
C:\Users\dudck\OneDrive\바탕 화면\4K_ShootingGame\BattleCity\210317_WinAPI\main.cpp(37,50): warning C4302: '형식 캐스트': 'LPSTR'에서 'WORD'(으)로 잘립니다.
C:\Users\dudck\OneDrive\바탕 화면\4K_ShootingGame\BattleCity\210317_WinAPI\main.cpp(109,16): warning C4244: 'return': 'WPARAM'에서 'int'(으)로 변환하면서 데이터가 손실될 수 있습니다.
  MainGame.cpp
C:\Users\dudck\OneDrive\바탕 화면\4K_ShootingGame\BattleCity\210317_WinAPI\MainGame.cpp(66,79): warning C4267: '인수': 'size_t'에서 'int'(으)로 변환하면서 데이터가 손실될 수 있습니다.
C:\Users\dudck\OneDrive\바탕 화면\4K_ShootingGame\BattleCity\210317_WinAPI\MainGame.cpp(69,50): warning C4267: '인수': 'size_t'에서 'int'(으)로 변환하면서 데이터가 손실될 수 있습니다.
  Missile.cpp
C:\Users\dudck\OneDrive\바탕 화면\4K_ShootingGame\BattleCity\210317_WinAPI\CommonFunction.h(13,15): warning C4244: '=': 'double'에서 'float'(으)로 변환하면서 데이터가 손실될 수 있습니다.
C:\Users\dudck\OneDrive\바탕 화면\4K_ShootingGame\BattleCity\210317_WinAPI\Missile.cpp(70,40): warning C4305: '-=': 'double'에서 'float'(으)로 잘립니다.
C:\Users\dudck\OneDrive\바탕 화면\4K_ShootingGame\BattleCity\210317_WinAPI\Missile.cpp(117,21): warning C4244: '=': 'float'에서 'LONG'(으)로 변환하면서 데이터가 손실될 수 있습니다.
C:\Users\dudck\OneDrive\바탕 화면\4K_ShootingGame\BattleCity\210317_WinAPI\Missile.cpp(118,20): warning C4244: '=': 'float'에서 'LONG'(으)로 변환하면서 데이터가 손실될 수 있습니다.
C:\Users\dudck\OneDrive\바탕 화면\4K_ShootingGame\BattleCity\210317_WinAPI\Missile.cpp(119,22): warning C4244: '=': 'float'에서 'LONG'(으)로 변환하면서 데이터가 손실될 수 있습니다.
C:\Users\dudck\OneDrive\바탕 화면\4K_ShootingGame\BattleCity\210317_WinAPI\Missile.cpp(120,23): warning C4244: '=': 'float'에서 'LONG'(으)로 변환하면서 데이터가 손실될 수 있습니다.
C:\Users\dudck\OneDrive\바탕 화면\4K_ShootingGame\BattleCity\210317_WinAPI\Missile.cpp(130,36): warning C4244: '인수': 'float'에서 'int'(으)로 변환하면서 데이터가 손실될 수 있습니다.
C:\Users\dudck\OneDrive\바탕 화면\4K_ShootingGame\BattleCity\210317_WinAPI\Missile.cpp(130,29): warning C4244: '인수': 'float'에서 'int'(으)로 변환하면서 데이터가 손실될 수 있습니다.
C:\Users\dudck\OneDrive\바탕 화면\4K_ShootingGame\BattleCity\210317_WinAPI\Missile.cpp(135,33): warning C4244: '인수': 'float'에서 'int'(으)로 변환하면서 데이터가 손실될 수 있습니다.
C:\Users\dudck\OneDrive\바탕 화면\4K_ShootingGame\BattleCity\210317_WinAPI\Missile.cpp(135,26): warning C4244: '인수': 'float'에서 'int'(으)로 변환하면서 데이터가 손실될 수 있습니다.
C:\Users\dudck\OneDrive\바탕 화면\4K_ShootingGame\BattleCity\210317_WinAPI\Missile.cpp(140,35): warning C4244: '인수': 'float'에서 'int'(으)로 변환하면서 데이터가 손실될 수 있습니다.
C:\Users\dudck\OneDrive\바탕 화면\4K_ShootingGame\BattleCity\210317_WinAPI\Missile.cpp(140,28): warning C4244: '인수': 'float'에서 'int'(으)로 변환하면서 데이터가 손실될 수 있습니다.
C:\Users\dudck\OneDrive\바탕 화면\4K_ShootingGame\BattleCity\210317_WinAPI\Missile.cpp(145,35): warning C4244: '인수': 'float'에서 'int'(으)로 변환하면서 데이터가 손실될 수 있습니다.
C:\Users\dudck\OneDrive\바탕 화면\4K_ShootingGame\BattleCity\210317_WinAPI\Missile.cpp(145,28): warning C4244: '인수': 'float'에서 'int'(으)로 변환하면서 데이터가 손실될 수 있습니다.
  MissileManager.cpp
  PlayerShip.cpp
C:\Users\dudck\OneDrive\바탕 화면\4K_ShootingGame\BattleCity\210317_WinAPI\PlayerShip.cpp(205,38): warning C4244: '인수': 'float'에서 'int'(으)로 변환하면서 데이터가 손실될 수 있습니다.
C:\Users\dudck\OneDrive\바탕 화면\4K_ShootingGame\BattleCity\210317_WinAPI\PlayerShip.cpp(205,31): warning C4244: '인수': 'float'에서 'int'(으)로 변환하면서 데이터가 손실될 수 있습니다.
  SceneManager.cpp
  Tank.cpp
C:\Users\dudck\OneDrive\바탕 화면\4K_ShootingGame\BattleCity\210317_WinAPI\CommonFunction.h(13,15): warning C4244: '=': 'double'에서 'float'(으)로 변환하면서 데이터가 손실될 수 있습니다.
C:\Users\dudck\OneDrive\바탕 화면\4K_ShootingGame\BattleCity\210317_WinAPI\Tank.cpp(12,36): warning C4244: '인수': 'float'에서 'int'(으)로 변환하면서 데이터가 손실될 수 있습니다.
C:\Users\dudck\OneDrive\바탕 화면\4K_ShootingGame\BattleCity\210317_WinAPI\Tank.cpp(12,29): warning C4244: '인수': 'float'에서 'int'(으)로 변환하면서 데이터가 손실될 수 있습니다.
C:\Users\dudck\OneDrive\바탕 화면\4K_ShootingGame\BattleCity\210317_WinAPI\Tank.cpp(98,26): warning C4244: '인수': 'float'에서 'int'(으)로 변환하면서 데이터가 손실될 수 있습니다.
C:\Users\dudck\OneDrive\바탕 화면\4K_ShootingGame\BattleCity\210317_WinAPI\Tank.cpp(98,19): warning C4244: '인수': 'float'에서 'int'(으)로 변환하면서 데이터가 손실될 수 있습니다.
C:\Users\dudck\OneDrive\바탕 화면\4K_ShootingGame\BattleCity\210317_WinAPI\Tank.cpp(99,36): warning C4244: '인수': 'float'에서 'int'(으)로 변환하면서 데이터가 손실될 수 있습니다.
C:\Users\dudck\OneDrive\바탕 화면\4K_ShootingGame\BattleCity\210317_WinAPI\Tank.cpp(99,23): warning C4244: '인수': 'float'에서 'int'(으)로 변환하면서 데이터가 손실될 수 있습니다.
  TilemapTool.cpp
C:\Users\dudck\OneDrive\바탕 화면\4K_ShootingGame\BattleCity\210317_WinAPI\CommonFunction.h(13,15): warning C4244: '=': 'double'에서 'float'(으)로 변환하면서 데이터가 손실될 수 있습니다.
C:\Users\dudck\OneDrive\바탕 화면\4K_ShootingGame\BattleCity\210317_WinAPI\TilemapTool.cpp(274,51): warning C4267: '인수': 'size_t'에서 'int'(으)로 변환하면서 데이터가 손실될 수 있습니다.
  Timer.cpp
C:\Users\dudck\OneDrive\바탕 화면\4K_ShootingGame\BattleCity\210317_WinAPI\Timer.cpp(8,16): warning C4244: '=': 'double'에서 '__int64'(으)로 변환하면서 데이터가 손실될 수 있습니다.
C:\Users\dudck\OneDrive\바탕 화면\4K_ShootingGame\BattleCity\210317_WinAPI\Timer.cpp(9,16): warning C4244: '=': 'double'에서 '__int64'(으)로 변환하면서 데이터가 손실될 수 있습니다.
C:\Users\dudck\OneDrive\바탕 화면\4K_ShootingGame\BattleCity\210317_WinAPI\Timer.cpp(10,23): warning C4244: '=': 'double'에서 '__int64'(으)로 변환하면서 데이터가 손실될 수 있습니다.
C:\Users\dudck\OneDrive\바탕 화면\4K_ShootingGame\BattleCity\210317_WinAPI\Timer.cpp(51,25): warning C4244: '=': 'float'에서 'unsigned long'(으)로 변환하면서 데이터가 손실될 수 있습니다.
  TimerManager.cpp
C:\Users\dudck\OneDrive\바탕 화면\4K_ShootingGame\BattleCity\210317_WinAPI\TimerManager.cpp(30,65): warning C4267: '인수': 'size_t'에서 'int'(으)로 변환하면서 데이터가 손실될 수 있습니다.
  코드를 생성하고 있습니다...
  210317_WinAPI.vcxproj -> C:\Users\dudck\OneDrive\바탕 화면\4K_ShootingGame\BattleCity\x64\Debug\210317_WinAPI.exe
  Enemy.cpp
C:\Users\dudck\OneDrive\바탕 화면\4K_ShootingGame\BattleCity\210317_WinAPI\CommonFunction.h(13,15): warning C4244: '=': 'double'에서 'float'(으)로 변환하면서 데이터가 손실될 수 있습니다.
C:\Users\dudck\OneDrive\바탕 화면\4K_ShootingGame\BattleCity\210317_WinAPI\Enemy.cpp(25,14): warning C4244: '=': 'int'에서 'float'(으)로 변환하면서 데이터가 손실될 수 있습니다.
C:\Users\dudck\OneDrive\바탕 화면\4K_ShootingGame\BattleCity\210317_WinAPI\Enemy.cpp(26,13): warning C4244: '=': 'int'에서 'float'(으)로 변환하면서 데이터가 손실될 수 있습니다.
C:\Users\dudck\OneDrive\바탕 화면\4K_ShootingGame\BattleCity\210317_WinAPI\Enemy.cpp(110,60): warning C4244: '인수': 'float'에서 'int'(으)로 변환하면서 데이터가 손실될 수 있습니다.
C:\Users\dudck\OneDrive\바탕 화면\4K_ShootingGame\BattleCity\210317_WinAPI\Enemy.cpp(110,53): warning C4244: '인수': 'float'에서 'int'(으)로 변환하면서 데이터가 손실될 수 있습니다.
C:\Users\dudck\OneDrive\바탕 화면\4K_ShootingGame\BattleCity\210317_WinAPI\Enemy.cpp(117,51): warning C4244: '인수': 'float'에서 'int'(으)로 변환하면서 데이터가 손실될 수 있습니다.
C:\Users\dudck\OneDrive\바탕 화면\4K_ShootingGame\BattleCity\210317_WinAPI\Enemy.cpp(117,44): warning C4244: '인수': 'float'에서 'int'(으)로 변환하면서 데이터가 손실될 수 있습니다.
  210317_WinAPI.vcxproj -> C:\Users\dudck\OneDrive\바탕 화면\4K_ShootingGame\BattleCity\x64\Debug\210317_WinAPI.exe
